<?xml version="1.0" encoding="UTF-8"?>
<testng-results ignored="0" total="1" passed="1" failed="0" skipped="0">
  <reporter-output>
  </reporter-output>
  <suite started-at="2024-05-03T14:51:38 IST" name="Suite" finished-at="2024-05-03T14:53:13 IST" duration-ms="94354">
    <groups>
    </groups>
    <test started-at="2024-05-03T14:51:38 IST" name="PizzaHut001" finished-at="2024-05-03T14:53:13 IST" duration-ms="94354">
      <class name="tests.HomePage_PizzaHut_test">
        <test-method is-config="true" signature="setup()[pri:0, instance:tests.HomePage_PizzaHut_test@4ff8d125]" started-at="2024-05-03T14:51:38 IST" name="setup" finished-at="2024-05-03T14:51:59 IST" duration-ms="21121" status="PASS">
          <reporter-output>
          </reporter-output>
        </test-method> <!-- setup -->
        <test-method signature="purchaseOrder()[pri:1, instance:tests.HomePage_PizzaHut_test@4ff8d125]" started-at="2024-05-03T14:52:00 IST" name="purchaseOrder" finished-at="2024-05-03T14:53:11 IST" duration-ms="71084" status="PASS">
          <reporter-output>
          </reporter-output>
        </test-method> <!-- purchaseOrder -->
        <test-method is-config="true" signature="tearDown()[pri:0, instance:tests.HomePage_PizzaHut_test@4ff8d125]" started-at="2024-05-03T14:53:11 IST" name="tearDown" finished-at="2024-05-03T14:53:13 IST" duration-ms="1994" status="PASS">
          <reporter-output>
          </reporter-output>
        </test-method> <!-- tearDown -->
      </class> <!-- tests.HomePage_PizzaHut_test -->
    </test> <!-- PizzaHut001 -->
  </suite> <!-- Suite -->
</testng-results>
