<?xml version="1.0" encoding="UTF-8"?>
<testng-results ignored="0" total="1" passed="1" failed="0" skipped="0">
  <reporter-output>
  </reporter-output>
  <suite started-at="2024-05-21T19:44:04 IST" name="Default suite" finished-at="2024-05-21T19:45:36 IST" duration-ms="92079">
    <groups>
    </groups>
    <test started-at="2024-05-21T19:44:04 IST" name="Default test" finished-at="2024-05-21T19:45:36 IST" duration-ms="92079">
      <class name="tests.HomePage_PizzaHut_test">
        <test-method is-config="true" signature="setup()[pri:0, instance:tests.HomePage_PizzaHut_test@6283d8b8]" started-at="2024-05-21T19:44:04 IST" name="setup" finished-at="2024-05-21T19:44:23 IST" duration-ms="19451" status="PASS">
          <reporter-output>
          </reporter-output>
        </test-method> <!-- setup -->
        <test-method signature="purchaseOrder()[pri:1, instance:tests.HomePage_PizzaHut_test@6283d8b8]" started-at="2024-05-21T19:44:23 IST" name="purchaseOrder" finished-at="2024-05-21T19:45:34 IST" duration-ms="70737" status="PASS">
          <reporter-output>
          </reporter-output>
        </test-method> <!-- purchaseOrder -->
        <test-method is-config="true" signature="tearDown()[pri:0, instance:tests.HomePage_PizzaHut_test@6283d8b8]" started-at="2024-05-21T19:45:34 IST" name="tearDown" finished-at="2024-05-21T19:45:36 IST" duration-ms="1831" status="PASS">
          <reporter-output>
          </reporter-output>
        </test-method> <!-- tearDown -->
      </class> <!-- tests.HomePage_PizzaHut_test -->
    </test> <!-- Default test -->
  </suite> <!-- Default suite -->
</testng-results>
